# JRE version: OpenJDK Runtime Environment Temurin-21.0.10+7 (21.0.10+7) (build 21.0.10+7-LTS)
# Java VM: OpenJDK 64-Bit Server VM Temurin-21.0.10+7 (21.0.10+7-LTS, mixed mode, sharing, tiered, compressed oops, compressed class ptrs, parallel gc, windows-amd64)
GC Precious Log:
 CardTable entry size: 512
 CPUs: 12 total, 12 available
 Memory: 15754M
 Large Page Support: Disabled
 NUMA Support: Disabled
 Compressed Oops: Enabled (32-bit)
 Alignments: Space 512K, Generation 512K, Heap 2M
 Heap Min Capacity: 100M
 Heap Initial Capacity: 100M
 Heap Max Capacity: 2G
 Pre-touch: Disabled
 Parallel Workers: 10
Heap:
 PSYoungGen      total 3584K, used 3118K [0x00000000d5580000, 0x00000000d5b80000, 0x0000000100000000)
  eden space 3072K, 85% used [0x00000000d5580000,0x00000000d580e6d8,0x00000000d5880000)
  from space 512K, 97% used [0x00000000d5a80000,0x00000000d5afd200,0x00000000d5b00000)
  to   space 1536K, 0% used [0x00000000d5880000,0x00000000d5880000,0x00000000d5a00000)
 ParOldGen       total 1273344K, used 1273135K [0x0000000080000000, 0x00000000cdb80000, 0x00000000d5580000)
  object space 1273344K, 99% used [0x0000000080000000,0x00000000cdb4be08,0x00000000cdb80000)
 Metaspace       used 79039K, committed 80704K, reserved 1179648K
  class space    used 8121K, committed 8832K, reserved 1048576K
GC Heap History (20 events):
Event: 1491.921 GC heap before
{Heap before GC invocations=689 (full 4):
 PSYoungGen      total 2048K, used 1687K [0x00000000d5580000, 0x00000000d5900000, 0x0000000100000000)
  eden space 1024K, 99% used [0x00000000d5580000,0x00000000d567fff0,0x00000000d5680000)
  from space 1024K, 64% used [0x00000000d5800000,0x00000000d58a5e00,0x00000000d5900000)
  to   space 1024K, 0% used [0x00000000d5700000,0x00000000d5700000,0x00000000d5800000)
 ParOldGen       total 1231360K, used 1231349K [0x0000000080000000, 0x00000000cb280000, 0x00000000d5580000)
  object space 1231360K, 99% used [0x0000000080000000,0x00000000cb27d440,0x00000000cb280000)
 Metaspace       used 78989K, committed 80576K, reserved 1179648K
  class space    used 8120K, committed 8832K, reserved 1048576K
}
Event: 1491.922 GC heap after
{Heap after GC invocations=689 (full 4):
 PSYoungGen      total 2560K, used 1003K [0x00000000d5580000, 0x00000000d5b00000, 0x0000000100000000)
  eden space 1536K, 0% used [0x00000000d5580000,0x00000000d5580000,0x00000000d5700000)
  from space 1024K, 97% used [0x00000000d5700000,0x00000000d57fad50,0x00000000d5800000)
  to   space 2048K, 0% used [0x00000000d5900000,0x00000000d5900000,0x00000000d5b00000)
 ParOldGen       total 1232384K, used 1231889K [0x0000000080000000, 0x00000000cb380000, 0x00000000d5580000)
  object space 1232384K, 99% used [0x0000000080000000,0x00000000cb304640,0x00000000cb380000)
 Metaspace       used 78989K, committed 80576K, reserved 1179648K
  class space    used 8120K, committed 8832K, reserved 1048576K
}
Event: 1491.926 GC heap before
{Heap before GC invocations=690 (full 4):
 PSYoungGen      total 2560K, used 2539K [0x00000000d5580000, 0x00000000d5b00000, 0x0000000100000000)
  eden space 1536K, 100% used [0x00000000d5580000,0x00000000d5700000,0x00000000d5700000)
  from space 1024K, 97% used [0x00000000d5700000,0x00000000d57fad50,0x00000000d5800000)
  to   space 2048K, 0% used [0x00000000d5900000,0x00000000d5900000,0x00000000d5b00000)
 ParOldGen       total 1232384K, used 1231889K [0x0000000080000000, 0x00000000cb380000, 0x00000000d5580000)
  object space 1232384K, 99% used [0x0000000080000000,0x00000000cb304640,0x00000000cb380000)
 Metaspace       used 78989K, committed 80576K, reserved 1179648K
  class space    used 8120K, committed 8832K, reserved 1048576K
}
Event: 1491.927 GC heap after
{Heap after GC invocations=690 (full 4):
 PSYoungGen      total 3584K, used 1184K [0x00000000d5580000, 0x00000000d5a80000, 0x0000000100000000)
  eden space 2048K, 0% used [0x00000000d5580000,0x00000000d5580000,0x00000000d5780000)
  from space 1536K, 77% used [0x00000000d5900000,0x00000000d5a28000,0x00000000d5a80000)
  to   space 1536K, 0% used [0x00000000d5780000,0x00000000d5780000,0x00000000d5900000)
 ParOldGen       total 1232896K, used 1232842K [0x0000000080000000, 0x00000000cb400000, 0x00000000d5580000)
  object space 1232896K, 99% used [0x0000000080000000,0x00000000cb3f2828,0x00000000cb400000)
 Metaspace       used 78989K, committed 80576K, reserved 1179648K
  class space    used 8120K, committed 8832K, reserved 1048576K
}
Event: 1491.931 GC heap before
{Heap before GC invocations=691 (full 4):
 PSYoungGen      total 3584K, used 3232K [0x00000000d5580000, 0x00000000d5a80000, 0x0000000100000000)
  eden space 2048K, 100% used [0x00000000d5580000,0x00000000d5780000,0x00000000d5780000)
  from space 1536K, 77% used [0x00000000d5900000,0x00000000d5a28000,0x00000000d5a80000)
  to   space 1536K, 0% used [0x00000000d5780000,0x00000000d5780000,0x00000000d5900000)
 ParOldGen       total 1232896K, used 1232842K [0x0000000080000000, 0x00000000cb400000, 0x00000000d5580000)
  object space 1232896K, 99% used [0x0000000080000000,0x00000000cb3f2828,0x00000000cb400000)
 Metaspace       used 78989K, committed 80576K, reserved 1179648K
  class space    used 8120K, committed 8832K, reserved 1048576K
}
Event: 1491.933 GC heap after
{Heap after GC invocations=691 (full 4):
 PSYoungGen      total 3584K, used 1536K [0x00000000d5580000, 0x00000000d5f00000, 0x0000000100000000)
  eden space 2048K, 0% used [0x00000000d5580000,0x00000000d5580000,0x00000000d5780000)
  from space 1536K, 100% used [0x00000000d5780000,0x00000000d5900000,0x00000000d5900000)
  to   space 3584K, 0% used [0x00000000d5b80000,0x00000000d5b80000,0x00000000d5f00000)
 ParOldGen       total 1234432K, used 1234138K [0x0000000080000000, 0x00000000cb580000, 0x00000000d5580000)
  object space 1234432K, 99% used [0x0000000080000000,0x00000000cb536828,0x00000000cb580000)
 Metaspace       used 78989K, committed 80576K, reserved 1179648K
  class space    used 8120K, committed 8832K, reserved 1048576K
}
Event: 1491.937 GC heap before
{Heap before GC invocations=692 (full 4):
 PSYoungGen      total 3584K, used 3584K [0x00000000d5580000, 0x00000000d5f00000, 0x0000000100000000)
  eden space 2048K, 100% used [0x00000000d5580000,0x00000000d5780000,0x00000000d5780000)
  from space 1536K, 100% used [0x00000000d5780000,0x00000000d5900000,0x00000000d5900000)
  to   space 3584K, 0% used [0x00000000d5b80000,0x00000000d5b80000,0x00000000d5f00000)
 ParOldGen       total 1234432K, used 1234138K [0x0000000080000000, 0x00000000cb580000, 0x00000000d5580000)
  object space 1234432K, 99% used [0x0000000080000000,0x00000000cb536828,0x00000000cb580000)
 Metaspace       used 78989K, committed 80576K, reserved 1179648K
  class space    used 8120K, committed 8832K, reserved 1048576K
}
Event: 1491.939 GC heap after
{Heap after GC invocations=692 (full 4):
 PSYoungGen      total 4608K, used 1792K [0x00000000d5580000, 0x00000000d5d80000, 0x0000000100000000)
  eden space 2560K, 0% used [0x00000000d5580000,0x00000000d5580000,0x00000000d5800000)
  from space 2048K, 87% used [0x00000000d5b80000,0x00000000d5d40000,0x00000000d5d80000)
  to   space 2560K, 0% used [0x00000000d5880000,0x00000000d5880000,0x00000000d5b00000)
 ParOldGen       total 1235968K, used 1235714K [0x0000000080000000, 0x00000000cb700000, 0x00000000d5580000)
  object space 1235968K, 99% used [0x0000000080000000,0x00000000cb6c0828,0x00000000cb700000)
 Metaspace       used 78989K, committed 80576K, reserved 1179648K
  class space    used 8120K, committed 8832K, reserved 1048576K
}
Event: 1491.961 GC heap before
{Heap before GC invocations=693 (full 4):
 PSYoungGen      total 4608K, used 4254K [0x00000000d5580000, 0x00000000d5d80000, 0x0000000100000000)
  eden space 2560K, 96% used [0x00000000d5580000,0x00000000d57e79b0,0x00000000d5800000)
  from space 2048K, 87% used [0x00000000d5b80000,0x00000000d5d40000,0x00000000d5d80000)
  to   space 2560K, 0% used [0x00000000d5880000,0x00000000d5880000,0x00000000d5b00000)
 ParOldGen       total 1235968K, used 1235714K [0x0000000080000000, 0x00000000cb700000, 0x00000000d5580000)
  object space 1235968K, 99% used [0x0000000080000000,0x00000000cb6c0828,0x00000000cb700000)
 Metaspace       used 78995K, committed 80576K, reserved 1179648K
  class space    used 8120K, committed 8832K, reserved 1048576K
}
Event: 1491.964 GC heap after
{Heap after GC invocations=693 (full 4):
 PSYoungGen      total 5632K, used 2144K [0x00000000d5580000, 0x00000000d5d80000, 0x0000000100000000)
  eden space 3072K, 0% used [0x00000000d5580000,0x00000000d5580000,0x00000000d5880000)
  from space 2560K, 83% used [0x00000000d5880000,0x00000000d5a98000,0x00000000d5b00000)
  to   space 2560K, 0% used [0x00000000d5b00000,0x00000000d5b00000,0x00000000d5d80000)
 ParOldGen       total 1237504K, used 1237411K [0x0000000080000000, 0x00000000cb880000, 0x00000000d5580000)
  object space 1237504K, 99% used [0x0000000080000000,0x00000000cb868ec0,0x00000000cb880000)
 Metaspace       used 78995K, committed 80576K, reserved 1179648K
  class space    used 8120K, committed 8832K, reserved 1048576K
}
Event: 1491.979 GC heap before
{Heap before GC invocations=694 (full 4):
 PSYoungGen      total 5632K, used 5216K [0x00000000d5580000, 0x00000000d5d80000, 0x0000000100000000)
  eden space 3072K, 100% used [0x00000000d5580000,0x00000000d5880000,0x00000000d5880000)
  from space 2560K, 83% used [0x00000000d5880000,0x00000000d5a98000,0x00000000d5b00000)
  to   space 2560K, 0% used [0x00000000d5b00000,0x00000000d5b00000,0x00000000d5d80000)
 ParOldGen       total 1237504K, used 1237411K [0x0000000080000000, 0x00000000cb880000, 0x00000000d5580000)
  object space 1237504K, 99% used [0x0000000080000000,0x00000000cb868ec0,0x00000000cb880000)
 Metaspace       used 79006K, committed 80576K, reserved 1179648K
  class space    used 8121K, committed 8832K, reserved 1048576K
}
Event: 1491.982 GC heap after
{Heap after GC invocations=694 (full 4):
 PSYoungGen      total 5632K, used 2048K [0x00000000d5580000, 0x00000000d5e80000, 0x0000000100000000)
  eden space 3072K, 0% used [0x00000000d5580000,0x00000000d5580000,0x00000000d5880000)
  from space 2560K, 80% used [0x00000000d5b00000,0x00000000d5d00000,0x00000000d5d80000)
  to   space 2560K, 0% used [0x00000000d5880000,0x00000000d5880000,0x00000000d5b00000)
 ParOldGen       total 1239552K, used 1239195K [0x0000000080000000, 0x00000000cba80000, 0x00000000d5580000)
  object space 1239552K, 99% used [0x0000000080000000,0x00000000cba26ec0,0x00000000cba80000)
 Metaspace       used 79006K, committed 80576K, reserved 1179648K
  class space    used 8121K, committed 8832K, reserved 1048576K
}
Event: 1492.040 GC heap before
{Heap before GC invocations=695 (full 4):
 PSYoungGen      total 5632K, used 5120K [0x00000000d5580000, 0x00000000d5e80000, 0x0000000100000000)
  eden space 3072K, 100% used [0x00000000d5580000,0x00000000d5880000,0x00000000d5880000)
  from space 2560K, 80% used [0x00000000d5b00000,0x00000000d5d00000,0x00000000d5d80000)
  to   space 2560K, 0% used [0x00000000d5880000,0x00000000d5880000,0x00000000d5b00000)
 ParOldGen       total 1271296K, used 1269915K [0x0000000080000000, 0x00000000cd980000, 0x00000000d5580000)
  object space 1271296K, 99% used [0x0000000080000000,0x00000000cd826ef0,0x00000000cd980000)
 Metaspace       used 79016K, committed 80576K, reserved 1179648K
  class space    used 8121K, committed 8832K, reserved 1048576K
}
Event: 1492.042 GC heap after
{Heap after GC invocations=695 (full 4):
 PSYoungGen      total 3584K, used 352K [0x00000000d5580000, 0x00000000d5b80000, 0x0000000100000000)
  eden space 3072K, 0% used [0x00000000d5580000,0x00000000d5580000,0x00000000d5880000)
  from space 512K, 68% used [0x00000000d5880000,0x00000000d58d8000,0x00000000d5900000)
  to   space 1024K, 0% used [0x00000000d5a80000,0x00000000d5a80000,0x00000000d5b80000)
 ParOldGen       total 1272320K, used 1271809K [0x0000000080000000, 0x00000000cda80000, 0x00000000d5580000)
  object space 1272320K, 99% used [0x0000000080000000,0x00000000cda00720,0x00000000cda80000)
 Metaspace       used 79016K, committed 80576K, reserved 1179648K
  class space    used 8121K, committed 8832K, reserved 1048576K
}
Event: 1492.588 GC heap before
{Heap before GC invocations=696 (full 4):
 PSYoungGen      total 3584K, used 3424K [0x00000000d5580000, 0x00000000d5b80000, 0x0000000100000000)
  eden space 3072K, 100% used [0x00000000d5580000,0x00000000d5880000,0x00000000d5880000)
  from space 512K, 68% used [0x00000000d5880000,0x00000000d58d8000,0x00000000d5900000)
  to   space 1024K, 0% used [0x00000000d5a80000,0x00000000d5a80000,0x00000000d5b80000)
 ParOldGen       total 1272320K, used 1271809K [0x0000000080000000, 0x00000000cda80000, 0x00000000d5580000)
  object space 1272320K, 99% used [0x0000000080000000,0x00000000cda00720,0x00000000cda80000)
 Metaspace       used 79017K, committed 80576K, reserved 1179648K
  class space    used 8121K, committed 8832K, reserved 1048576K
}
Event: 1492.590 GC heap after
{Heap after GC invocations=696 (full 4):
 PSYoungGen      total 4096K, used 554K [0x00000000d5580000, 0x00000000d5b80000, 0x0000000100000000)
  eden space 3072K, 0% used [0x00000000d5580000,0x00000000d5580000,0x00000000d5880000)
  from space 1024K, 54% used [0x00000000d5a80000,0x00000000d5b0a910,0x00000000d5b80000)
  to   space 1024K, 0% used [0x00000000d5980000,0x00000000d5980000,0x00000000d5a80000)
 ParOldGen       total 1272320K, used 1271947K [0x0000000080000000, 0x00000000cda80000, 0x00000000d5580000)
  object space 1272320K, 99% used [0x0000000080000000,0x00000000cda22cd0,0x00000000cda80000)
 Metaspace       used 79017K, committed 80576K, reserved 1179648K
  class space    used 8121K, committed 8832K, reserved 1048576K
}
Event: 1492.599 GC heap before
{Heap before GC invocations=697 (full 4):
 PSYoungGen      total 4096K, used 3626K [0x00000000d5580000, 0x00000000d5b80000, 0x0000000100000000)
  eden space 3072K, 100% used [0x00000000d5580000,0x00000000d5880000,0x00000000d5880000)
  from space 1024K, 54% used [0x00000000d5a80000,0x00000000d5b0a910,0x00000000d5b80000)
  to   space 1024K, 0% used [0x00000000d5980000,0x00000000d5980000,0x00000000d5a80000)
 ParOldGen       total 1272320K, used 1271947K [0x0000000080000000, 0x00000000cda80000, 0x00000000d5580000)
  object space 1272320K, 99% used [0x0000000080000000,0x00000000cda22cd0,0x00000000cda80000)
 Metaspace       used 79017K, committed 80576K, reserved 1179648K
  class space    used 8121K, committed 8832K, reserved 1048576K
}
Event: 1492.601 GC heap after
{Heap after GC invocations=697 (full 4):
 PSYoungGen      total 4096K, used 628K [0x00000000d5580000, 0x00000000d5b00000, 0x0000000100000000)
  eden space 3072K, 0% used [0x00000000d5580000,0x00000000d5580000,0x00000000d5880000)
  from space 1024K, 61% used [0x00000000d5980000,0x00000000d5a1d020,0x00000000d5a80000)
  to   space 512K, 0% used [0x00000000d5a80000,0x00000000d5a80000,0x00000000d5b00000)
 ParOldGen       total 1272832K, used 1272383K [0x0000000080000000, 0x00000000cdb00000, 0x00000000d5580000)
  object space 1272832K, 99% used [0x0000000080000000,0x00000000cda8fee0,0x00000000cdb00000)
 Metaspace       used 79017K, committed 80576K, reserved 1179648K
  class space    used 8121K, committed 8832K, reserved 1048576K
}
Event: 1492.610 GC heap before
{Heap before GC invocations=698 (full 4):
 PSYoungGen      total 4096K, used 3700K [0x00000000d5580000, 0x00000000d5b00000, 0x0000000100000000)
  eden space 3072K, 100% used [0x00000000d5580000,0x00000000d5880000,0x00000000d5880000)
  from space 1024K, 61% used [0x00000000d5980000,0x00000000d5a1d020,0x00000000d5a80000)
  to   space 512K, 0% used [0x00000000d5a80000,0x00000000d5a80000,0x00000000d5b00000)
 ParOldGen       total 1272832K, used 1272383K [0x0000000080000000, 0x00000000cdb00000, 0x00000000d5580000)
  object space 1272832K, 99% used [0x0000000080000000,0x00000000cda8fee0,0x00000000cdb00000)
 Metaspace       used 79030K, committed 80576K, reserved 1179648K
  class space    used 8121K, committed 8832K, reserved 1048576K
}
Event: 1492.612 GC heap after
{Heap after GC invocations=698 (full 4):
 PSYoungGen      total 3584K, used 500K [0x00000000d5580000, 0x00000000d5b80000, 0x0000000100000000)
  eden space 3072K, 0% used [0x00000000d5580000,0x00000000d5580000,0x00000000d5880000)
  from space 512K, 97% used [0x00000000d5a80000,0x00000000d5afd200,0x00000000d5b00000)
  to   space 1536K, 0% used [0x00000000d5880000,0x00000000d5880000,0x00000000d5a00000)
 ParOldGen       total 1273344K, used 1273135K [0x0000000080000000, 0x00000000cdb80000, 0x00000000d5580000)
  object space 1273344K, 99% used [0x0000000080000000,0x00000000cdb4be08,0x00000000cdb80000)
 Metaspace       used 79030K, committed 80576K, reserved 1179648K
  class space    used 8121K, committed 8832K, reserved 1048576K
}

